15:33:48 [TRACE] com.epam.jwd.figures.utils.reader.FigureReader.<init>() @47 - Trying to open file <files/quadrangles.txt>
15:33:48 [INFO ] com.epam.jwd.figures.utils.reader.FigureReader.<init>() @51 - Successfully opened file <files/quadrangles.txt>
15:33:48 [TRACE] com.epam.jwd.figures.utils.reader.FigureReader.scanFigures() @104 - Figure was built (Quadrangle): [Point{x=0.0, y=0.0}, Point{x=1.0, y=2.0}, Point{x=3.0, y=3.0}, Point{x=3.5, y=0.0}]
15:33:48 [TRACE] com.epam.jwd.figures.utils.reader.FigureReader.scanFigures() @104 - Figure was built (Quadrangle): [Point{x=0.0, y=0.0}, Point{x=0.0, y=2.0}, Point{x=2.0, y=2.0}, Point{x=2.0, y=0.0}]
15:33:48 [TRACE] com.epam.jwd.figures.utils.reader.FigureReader.scanFigures() @104 - Figure was built (Quadrangle): [Point{x=0.0, y=0.0}, Point{x=10.0, y=5.0}, Point{x=20.0, y=5.0}, Point{x=10.0, y=0.0}]
15:33:48 [TRACE] com.epam.jwd.figures.utils.reader.FigureReader.scanFigures() @104 - Figure was built (Quadrangle): [Point{x=0.0, y=0.0}, Point{x=5.0, y=4.0}, Point{x=15.0, y=4.0}, Point{x=20.0, y=0.0}]
15:33:48 [TRACE] com.epam.jwd.figures.utils.reader.FigureReader.scanFigures() @104 - Figure was built (Quadrangle): [Point{x=0.0, y=0.0}, Point{x=1.0, y=3.0}, Point{x=4.0, y=4.0}, Point{x=3.0, y=1.0}]
15:33:48 [TRACE] com.epam.jwd.figures.utils.reader.FigureReader.scanFigures() @104 - Figure was built (Quadrangle): [Point{x=0.0, y=4.0}, Point{x=3.0, y=4.0}, Point{x=5.0, y=9.0}, Point{x=6.0, y=1.0}]
15:33:48 [ERROR] com.epam.jwd.figures.utils.reader.FigureReader.scanFigures() @109 - com.epam.jwd.figures.utils.exceptions.FigureException: Lines are crossing! Quadrangle cannot be built on 4 coordinates: [Point{x=0.0, y=0.0}, Point{x=3.0, y=4.0}, Point{x=0.0, y=3.0}, Point{x=3.0, y=0.0}]
15:33:48 [ERROR] com.epam.jwd.figures.utils.reader.FigureReader.scanFigures() @109 - com.epam.jwd.figures.utils.exceptions.FigureException: Lines are crossing! Quadrangle cannot be built on 4 coordinates: [Point{x=0.0, y=0.0}, Point{x=1.0, y=0.0}, Point{x=2.0, y=1.0}, Point{x=3.0, y=0.0}]
15:33:48 [ERROR] com.epam.jwd.figures.utils.reader.FigureReader.scanFigures() @109 - com.epam.jwd.figures.utils.exceptions.FigureException: Lines are crossing! Quadrangle cannot be built on 4 coordinates: [Point{x=0.0, y=0.0}, Point{x=1.0, y=0.0}, Point{x=2.0, y=0.0}, Point{x=3.0, y=0.0}]
15:33:48 [ERROR] com.epam.jwd.figures.utils.reader.FigureReader.scanFigures() @109 - com.epam.jwd.figures.utils.exceptions.PointException: Not enough coordinates to build a figure! Point cannot be build from coordinates: [0.0, 0.0, 1.0, 3.0, 4.0, 4.0, 3.0, 1.0, 9.0]
15:33:48 [ERROR] com.epam.jwd.figures.utils.reader.FigureReader.scanFigures() @109 - com.epam.jwd.figures.utils.exceptions.PointException: Wrong coordinate! Point cannot be build from coordinates: [0.0, 0.0, 1.0, z, 2.0, 0.0, 3.0, 0.0]
15:33:48 [ERROR] com.epam.jwd.figures.utils.reader.FigureReader.scanFigures() @109 - com.epam.jwd.figures.utils.exceptions.FigureException: Wrong number of coordinates! Quadrangle cannot be built on 3 coordinates: [Point{x=0.0, y=0.0}, Point{x=1.0, y=1.0}, Point{x=2.0, y=3.0}]
15:33:48 [TRACE] com.epam.jwd.figures.utils.reader.FigureReader.scanFigures() @113 - Number of figures in file: 12. Successfully built 6 figures.
15:33:48 [INFO ] com.epam.jwd.figures.utils.action.QuadrangleActions.defineTheType() @68 - Quadrangle{points=[Point{x=0.0, y=0.0}, Point{x=1.0, y=2.0}, Point{x=3.0, y=3.0}, Point{x=3.5, y=0.0}]}: ARBITRARY
15:33:48 [INFO ] com.epam.jwd.figures.utils.action.FigureActions.isConvex() @87 - Quadrangle{points=[Point{x=0.0, y=4.0}, Point{x=3.0, y=4.0}, Point{x=5.0, y=9.0}, Point{x=6.0, y=1.0}]}: false
15:33:48 [INFO ] com.epam.jwd.figures.utils.action.QuadrangleActions.defineTheType() @50 - Quadrangle{points=[Point{x=0.0, y=0.0}, Point{x=1.0, y=3.0}, Point{x=4.0, y=4.0}, Point{x=3.0, y=1.0}]}: DIAMOND
15:33:48 [INFO ] com.epam.jwd.figures.utils.action.FigureActions.isConvex() @87 - Quadrangle{points=[Point{x=0.0, y=0.0}, Point{x=1.0, y=2.0}, Point{x=3.0, y=3.0}, Point{x=3.5, y=0.0}]}: true
15:33:48 [INFO ] com.epam.jwd.figures.utils.action.QuadrangleActions.defineTheType() @59 - Quadrangle{points=[Point{x=0.0, y=0.0}, Point{x=10.0, y=5.0}, Point{x=20.0, y=5.0}, Point{x=10.0, y=0.0}]}: PARALLELOGRAM
15:33:48 [INFO ] com.epam.jwd.figures.utils.action.FigureActions.perimeter() @40 - Quadrangle{points=[Point{x=0.0, y=0.0}, Point{x=1.0, y=2.0}, Point{x=3.0, y=3.0}, Point{x=3.5, y=0.0}]}: 11.013517220148689
15:33:48 [INFO ] com.epam.jwd.figures.utils.action.QuadrangleActions.defineTheType() @47 - Quadrangle{points=[Point{x=0.0, y=0.0}, Point{x=0.0, y=2.0}, Point{x=2.0, y=2.0}, Point{x=2.0, y=0.0}]}: SQUARE
15:33:48 [INFO ] com.epam.jwd.figures.utils.action.FigureActions.square() @59 - Quadrangle{points=[Point{x=0.0, y=0.0}, Point{x=1.0, y=2.0}, Point{x=3.0, y=3.0}, Point{x=3.5, y=0.0}]}: 6.75
15:33:48 [INFO ] com.epam.jwd.figures.utils.action.QuadrangleActions.defineTheType() @65 - Quadrangle{points=[Point{x=0.0, y=0.0}, Point{x=5.0, y=4.0}, Point{x=15.0, y=4.0}, Point{x=20.0, y=0.0}]}: TRAPEZOID
